This is pdfTeX, Version 3.141592653-2.6-1.40.22 (TeX Live 2022/dev/Debian) (preloaded format=pdflatex 2023.5.30)  27 NOV 2023 21:24
entering extended mode
 restricted \write18 enabled.
 file:line:error style messages enabled.
 %&-line parsing enabled.
**/home/zixiao/Documents/III/project/aeons/post_prop.tex
(/home/zixiao/Documents/III/project/aeons/post_prop.tex
LaTeX2e <2021-11-15> patch level 1
L3 programming layer <2022-01-21> (/usr/share/texlive/texmf-dist/tex/latex/base/article.cls
Document Class: article 2021/10/04 v1.4n Standard LaTeX document class
(/usr/share/texlive/texmf-dist/tex/latex/base/size10.clo
File: size10.clo 2021/10/04 v1.4n Standard LaTeX file (size option)
)
\c@part=\count185
\c@section=\count186
\c@subsection=\count187
\c@subsubsection=\count188
\c@paragraph=\count189
\c@subparagraph=\count190
\c@figure=\count191
\c@table=\count192
\abovecaptionskip=\skip47
\belowcaptionskip=\skip48
\bibindent=\dimen138
) (/usr/share/texlive/texmf-dist/tex/latex/base/inputenc.sty
Package: inputenc 2021/02/14 v1.3d Input encoding file
\inpenc@prehook=\toks16
\inpenc@posthook=\toks17
) (/usr/share/texlive/texmf-dist/tex/latex/geometry/geometry.sty
Package: geometry 2020/01/02 v5.9 Page Geometry
 (/usr/share/texlive/texmf-dist/tex/latex/graphics/keyval.sty
Package: keyval 2014/10/28 v1.15 key=value parser (DPC)
\KV@toks@=\toks18
) (/usr/share/texlive/texmf-dist/tex/generic/iftex/ifvtex.sty
Package: ifvtex 2019/10/25 v1.7 ifvtex legacy package. Use iftex instead.
 (/usr/share/texlive/texmf-dist/tex/generic/iftex/iftex.sty
Package: iftex 2020/03/06 v1.0d TeX engine tests
))
\Gm@cnth=\count193
\Gm@cntv=\count194
\c@Gm@tempcnt=\count195
\Gm@bindingoffset=\dimen139
\Gm@wd@mp=\dimen140
\Gm@odd@mp=\dimen141
\Gm@even@mp=\dimen142
\Gm@layoutwidth=\dimen143
\Gm@layoutheight=\dimen144
\Gm@layouthoffset=\dimen145
\Gm@layoutvoffset=\dimen146
\Gm@dimlist=\toks19
) (/usr/share/texlive/texmf-dist/tex/latex/graphics/graphicx.sty
Package: graphicx 2021/09/16 v1.2d Enhanced LaTeX Graphics (DPC,SPQR)
 (/usr/share/texlive/texmf-dist/tex/latex/graphics/graphics.sty
Package: graphics 2021/03/04 v1.4d Standard LaTeX Graphics (DPC,SPQR)
 (/usr/share/texlive/texmf-dist/tex/latex/graphics/trig.sty
Package: trig 2021/08/11 v1.11 sin cos tan (DPC)
) (/usr/share/texlive/texmf-dist/tex/latex/graphics-cfg/graphics.cfg
File: graphics.cfg 2016/06/04 v1.11 sample graphics configuration
)
Package graphics Info: Driver file: pdftex.def on input line 107.
 (/usr/share/texlive/texmf-dist/tex/latex/graphics-def/pdftex.def
File: pdftex.def 2020/10/05 v1.2a Graphics/color driver for pdftex
))
\Gin@req@height=\dimen147
\Gin@req@width=\dimen148
) (/usr/share/texlive/texmf-dist/tex/latex/l3backend/l3backend-pdftex.def
File: l3backend-pdftex.def 2022-01-12 L3 backend support: PDF output (pdfTeX)
\l__color_backend_stack_int=\count196
\l__pdf_internal_box=\box50
) (./post_prop.aux)
\openout1 = `post_prop.aux'.

LaTeX Font Info:    Checking defaults for OML/cmm/m/it on input line 6.
LaTeX Font Info:    ... okay on input line 6.
LaTeX Font Info:    Checking defaults for OMS/cmsy/m/n on input line 6.
LaTeX Font Info:    ... okay on input line 6.
LaTeX Font Info:    Checking defaults for OT1/cmr/m/n on input line 6.
LaTeX Font Info:    ... okay on input line 6.
LaTeX Font Info:    Checking defaults for T1/cmr/m/n on input line 6.
LaTeX Font Info:    ... okay on input line 6.
LaTeX Font Info:    Checking defaults for TS1/cmr/m/n on input line 6.
LaTeX Font Info:    ... okay on input line 6.
LaTeX Font Info:    Checking defaults for OMX/cmex/m/n on input line 6.
LaTeX Font Info:    ... okay on input line 6.
LaTeX Font Info:    Checking defaults for U/cmr/m/n on input line 6.
LaTeX Font Info:    ... okay on input line 6.

*geometry* driver: auto-detecting
*geometry* detected driver: pdftex
*geometry* verbose mode - [ preamble ] result:
* driver: pdftex
* paper: a4paper
* layout: <same size as paper>
* layoutoffset:(h,v)=(0.0pt,0.0pt)
* modes: 
* h-part:(L,W,R)=(36.135pt, 525.23788pt, 36.135pt)
* v-part:(T,H,B)=(36.135pt, 772.77686pt, 36.135pt)
* \paperwidth=597.50787pt
* \paperheight=845.04684pt
* \textwidth=525.23788pt
* \textheight=772.77686pt
* \oddsidemargin=-36.135pt
* \evensidemargin=-36.135pt
* \topmargin=-73.135pt
* \headheight=12.0pt
* \headsep=25.0pt
* \topskip=10.0pt
* \footskip=36.135pt
* \marginparwidth=57.0pt
* \marginparsep=11.0pt
* \columnsep=10.0pt
* \skip\footins=9.0pt plus 4.0pt minus 2.0pt
* \hoffset=0.0pt
* \voffset=0.0pt
* \mag=1000
* \@twocolumnfalse
* \@twosidefalse
* \@mparswitchfalse
* \@reversemarginfalse
* (1in=72.27pt=25.4mm, 1cm=28.453pt)

(/usr/share/texlive/texmf-dist/tex/context/base/mkii/supp-pdf.mkii
[Loading MPS to PDF converter (version 2006.09.02).]
\scratchcounter=\count197
\scratchdimen=\dimen149
\scratchbox=\box51
\nofMPsegments=\count198
\nofMParguments=\count199
\everyMPshowfont=\toks20
\MPscratchCnt=\count266
\MPscratchDim=\dimen150
\MPnumerator=\count267
\makeMPintoPDFobject=\count268
\everyMPtoPDFconversion=\toks21
) (/usr/share/texlive/texmf-dist/tex/latex/epstopdf-pkg/epstopdf-base.sty
Package: epstopdf-base 2020-01-24 v2.11 Base part for package epstopdf
Package epstopdf-base Info: Redefining graphics rule for `.eps' on input line 485.
 (/usr/share/texlive/texmf-dist/tex/latex/latexconfig/epstopdf-sys.cfg
File: epstopdf-sys.cfg 2010/07/13 v1.3 Configuration of (r)epstopdf for TeX Live
))
<notebooks/temperature/figures/dimensionalities_post.pdf, id=1, 502.49677pt x 292.69351pt>
File: notebooks/temperature/figures/dimensionalities_post.pdf Graphic file (type pdf)
<use notebooks/temperature/figures/dimensionalities_post.pdf>
Package pdftex.def Info: notebooks/temperature/figures/dimensionalities_post.pdf  used on input line 9.
(pdftex.def)             Requested size: 502.49553pt x 292.6928pt.
<notebooks/temperature/figures/endpoints_post.pdf, id=2, 504.87177pt x 292.69351pt>
File: notebooks/temperature/figures/endpoints_post.pdf Graphic file (type pdf)
<use notebooks/temperature/figures/endpoints_post.pdf>
Package pdftex.def Info: notebooks/temperature/figures/endpoints_post.pdf  used on input line 14.
(pdftex.def)             Requested size: 504.87053pt x 292.6928pt.
<notebooks/temperature/figures/dimensionalities_post_log.pdf, id=3, 504.87177pt x 292.69351pt>
File: notebooks/temperature/figures/dimensionalities_post_log.pdf Graphic file (type pdf)
<use notebooks/temperature/figures/dimensionalities_post_log.pdf>
Package pdftex.def Info: notebooks/temperature/figures/dimensionalities_post_log.pdf  used on input line 21.
(pdftex.def)             Requested size: 504.87053pt x 292.6928pt.
<notebooks/temperature/figures/endpoints_post_log.pdf, id=4, 504.87177pt x 292.69351pt>
File: notebooks/temperature/figures/endpoints_post_log.pdf Graphic file (type pdf)
<use notebooks/temperature/figures/endpoints_post_log.pdf>
Package pdftex.def Info: notebooks/temperature/figures/endpoints_post_log.pdf  used on input line 26.
(pdftex.def)             Requested size: 504.87053pt x 292.6928pt.
<notebooks/temperature/figures/dimensionalities_prop.pdf, id=5, 502.49677pt x 292.69351pt>
File: notebooks/temperature/figures/dimensionalities_prop.pdf Graphic file (type pdf)
<use notebooks/temperature/figures/dimensionalities_prop.pdf>
Package pdftex.def Info: notebooks/temperature/figures/dimensionalities_prop.pdf  used on input line 33.
(pdftex.def)             Requested size: 502.49553pt x 292.6928pt.
<notebooks/temperature/figures/endpoints_prop.pdf, id=6, 504.87177pt x 292.69351pt>
File: notebooks/temperature/figures/endpoints_prop.pdf Graphic file (type pdf)
<use notebooks/temperature/figures/endpoints_prop.pdf>
Package pdftex.def Info: notebooks/temperature/figures/endpoints_prop.pdf  used on input line 38.
(pdftex.def)             Requested size: 504.87053pt x 292.6928pt.
 [1{/var/lib/texmf/fonts/map/pdftex/updmap/pdftex.map} <./notebooks/temperature/figures/dimensionalities_post.pdf> <./notebooks/temperature/figures/endpoints_post.pdf>] [2 <./notebooks/temperature/figures/dimensionalities_post_log.pdf> <./notebooks/temperature/figures/endpoints_post_log.pdf>] [3 <./notebooks/temperature/figures/dimensionalities_prop.pdf> <./notebooks/temperature/figures/endpoints_prop.pdf>] (./post_prop.aux) ) 
Here is how much of TeX's memory you used:
 1881 strings out of 480171
 32458 string characters out of 5894489
 321285 words of memory out of 5000000
 19860 multiletter control sequences out of 15000+600000
 469259 words of font info for 28 fonts, out of 8000000 for 9000
 59 hyphenation exceptions out of 8191
 55i,6n,62p,227b,247s stack positions out of 5000i,500n,10000p,200000b,80000s
</usr/share/texlive/texmf-dist/fonts/type1/public/amsfonts/cm/cmmi10.pfb></usr/share/texlive/texmf-dist/fonts/type1/public/amsfonts/cm/cmmi12.pfb></usr/share/texlive/texmf-dist/fonts/type1/public/amsfonts/cm/cmmi7.pfb></usr/share/texlive/texmf-dist/fonts/type1/public/amsfonts/cm/cmmi8.pfb></usr/share/texlive/texmf-dist/fonts/type1/public/amsfonts/cm/cmr10.pfb></usr/share/texlive/texmf-dist/fonts/type1/public/amsfonts/cm/cmr12.pfb></usr/share/texlive/texmf-dist/fonts/type1/public/amsfonts/cm/cmr7.pfb></usr/share/texlive/texmf-dist/fonts/type1/public/amsfonts/cm/cmr9.pfb></usr/share/texlive/texmf-dist/fonts/type1/public/amsfonts/cm/cmsy10.pfb>
Output written on post_prop.pdf (3 pages, 364941 bytes).
PDF statistics:
 192 PDF objects out of 1000 (max. 8388607)
 169 compressed objects within 2 object streams
 0 named destinations out of 1000 (max. 500000)
 31 words of extra memory for PDF output out of 10000 (max. 10000000)

